2022-02-01T16:41:07.923Z - info: Website generation started at 12:41:01 am
2022-02-01T16:41:14.597Z - info: Building assets...
2022-02-01T16:41:20.341Z - info: Assets built
2022-02-01T16:41:20.342Z - info: Generating pages...
2022-02-01T16:41:32.881Z - debug:  
2022-02-01T16:41:32.881Z - debug:  
2022-02-01T16:41:40.315Z - debug:  
2022-02-01T16:41:40.362Z - debug:  
2022-02-01T16:42:04.428Z - debug:  
2022-02-01T16:42:26.436Z - debug:  
2022-02-01T16:43:20.668Z - info: Pages built
2022-02-01T16:43:22.196Z - info: Site data built
2022-02-01T16:43:22.196Z - info: Website generation complete! Total build time: 140.358s
2022-02-01T16:43:22.197Z - info: Build success!
2022-02-01T16:45:58.832Z - info: The website has been deployed at: https://nus-tee3201.github.io/2022
2022-02-02T06:59:14.143Z - info: Website generation started at 2:59:09 pm
2022-02-02T06:59:19.625Z - info: Building assets...
2022-02-02T06:59:24.394Z - info: Assets built
2022-02-02T06:59:24.394Z - info: Generating pages...
2022-02-02T06:59:34.580Z - debug:  
2022-02-02T06:59:34.581Z - debug:  
2022-02-02T06:59:34.581Z - debug:  
2022-02-02T06:59:34.582Z - debug:  
2022-02-02T06:59:34.582Z - debug:  
2022-02-02T07:00:09.083Z - debug:  
2022-02-02T07:01:09.229Z - info: Pages built
2022-02-02T07:01:10.546Z - info: Site data built
2022-02-02T07:01:10.546Z - info: Website generation complete! Total build time: 121.364s
2022-02-02T07:01:10.546Z - info: Build success!
2022-02-02T07:05:30.138Z - info: The website has been deployed at: https://nus-tic2002-2022.github.io/website
2022-02-02T09:11:12.374Z - info: Website generation (lazy) started at 5:11:07 pm
2022-02-02T09:11:18.609Z - info: Building assets...
2022-02-02T09:11:23.383Z - info: Assets built
2022-02-02T09:11:23.384Z - info: Generating landing page...
2022-02-02T09:11:24.525Z - info: Landing page built, other pages will be built as you navigate to them!
2022-02-02T09:11:25.553Z - info: Site data built
2022-02-02T09:11:25.554Z - info: Website generation (lazy) complete! Total build time: 18.524s
2022-02-02T09:11:26.352Z - info: Serving "C:\repos\nus-cs2103\cs2103-website-base\_site" at http://127.0.0.1:8080
2022-02-02T09:11:26.352Z - info: Press CTRL+C to stop ...
2022-02-02T09:13:56.160Z - info: Website generation started at 5:13:54 pm
2022-02-02T09:14:01.376Z - info: Building assets...
