2022-01-22T06:45:09.436Z - info: Website generation (lazy) started at 2:45:04 pm
2022-01-22T06:45:15.244Z - info: Building assets...
2022-01-22T06:45:20.326Z - info: Assets built
2022-01-22T06:45:20.326Z - info: Generating landing page...
2022-01-22T06:45:21.428Z - info: Landing page built, other pages will be built as you navigate to them!
2022-01-22T06:45:22.471Z - info: Site data built
2022-01-22T06:45:22.471Z - info: Website generation (lazy) complete! Total build time: 17.792s
2022-01-22T06:45:23.420Z - info: Serving "C:\repos\nus-cs2103\cs2103-website-base\_site" at http://127.0.0.1:8080
2022-01-22T06:45:23.420Z - info: Press CTRL+C to stop ...
2022-01-22T06:48:25.986Z - info: Building C:\repos\nus-cs2103\cs2103-website-base\admin\index as some of its dependencies were changed since the last visit
2022-01-22T06:48:26.647Z - info: Site data built
2022-01-22T06:48:26.648Z - info: Lazy website regeneration complete! Total build time: 0.662s
2022-01-22T06:48:38.761Z - info: Building C:\repos\nus-cs2103\cs2103-website-base\admin\participation as some of its dependencies were changed since the last visit
2022-01-22T06:48:39.039Z - info: Site data built
2022-01-22T06:48:39.039Z - info: Lazy website regeneration complete! Total build time: 0.279s
2022-01-22T06:51:13.875Z - info: [2:51:13 pm] Reload for file change: C:\repos\nus-cs2103\cs2103-website-base\admin\participation.md
2022-01-22T06:51:13.875Z - info: Synchronizing opened pages list before reload
2022-01-22T06:51:13.875Z - info: Current opened pages, from most-to-least recent:
2022-01-22T06:51:13.875Z - info: 1. admin/participation
2022-01-22T06:51:14.891Z - info: Rebuilding 1 pages
2022-01-22T06:51:15.098Z - info: Site data built
2022-01-22T06:51:15.098Z - info: Pages rebuilt
2022-01-22T06:51:15.099Z - info: Website regeneration complete! Total build time: 0.208s
2022-01-22T06:53:02.125Z - info: [2:53:02 pm] Reload for file change: C:\repos\nus-cs2103\cs2103-website-base\admin\participation.md
2022-01-22T06:53:02.126Z - info: Synchronizing opened pages list before reload
2022-01-22T06:53:02.126Z - info: Current opened pages, from most-to-least recent:
2022-01-22T06:53:02.126Z - info: 1. admin/participation
2022-01-22T06:53:03.149Z - info: Rebuilding 1 pages
2022-01-22T06:53:03.357Z - info: Site data built
2022-01-22T06:53:03.357Z - info: Pages rebuilt
2022-01-22T06:53:03.357Z - info: Website regeneration complete! Total build time: 0.21s
2022-01-22T07:09:04.865Z - info: Website generation started at 3:09:02 pm
2022-01-22T07:09:12.304Z - info: Building assets...
2022-01-22T07:09:19.212Z - info: Assets built
2022-01-22T07:09:19.212Z - info: Generating pages...
2022-01-22T07:09:30.463Z - debug:  
2022-01-22T07:09:33.552Z - debug:  
2022-01-22T07:09:33.553Z - debug:  
2022-01-22T07:09:33.555Z - debug:  
2022-01-22T07:09:33.555Z - debug:  
2022-01-22T07:09:33.662Z - debug:  
2022-01-22T07:11:57.286Z - debug:  
2022-01-22T07:12:16.488Z - debug:  
2022-01-22T07:12:16.495Z - debug:  
2022-01-22T07:12:23.111Z - info: Pages built
2022-01-22T07:12:24.513Z - info: Site data built
2022-01-22T07:12:24.513Z - info: Website generation complete! Total build time: 202.275s
2022-01-22T07:12:24.513Z - info: Build success!
2022-01-22T07:21:40.133Z - info: The website has been deployed at: https://nus-cs2103-ay2122s2.github.io/website
2022-01-22T13:41:53.585Z - info: Website generation (lazy) started at 9:41:49 pm
2022-01-22T13:41:58.042Z - info: Building assets...
2022-01-22T13:42:02.079Z - info: Assets built
2022-01-22T13:42:02.080Z - info: Generating landing page...
2022-01-22T13:42:02.600Z - info: Landing page built, other pages will be built as you navigate to them!
2022-01-22T13:42:03.432Z - info: Site data built
2022-01-22T13:42:03.432Z - info: Website generation (lazy) complete! Total build time: 13.652s
2022-01-22T13:42:04.132Z - info: Serving "C:\repos\nus-cs2103\cs2103-website-base\_site" at http://127.0.0.1:8080
2022-01-22T13:42:04.132Z - info: Press CTRL+C to stop ...
2022-01-22T13:52:00.045Z - info: Building C:\repos\nus-cs2103\cs2103-website-base\schedule\week4\index as some of its dependencies were changed since the last visit
2022-01-22T13:52:00.544Z - info: Site data built
2022-01-22T13:52:00.545Z - info: Lazy website regeneration complete! Total build time: 0.506s
2022-01-22T13:52:03.774Z - info: Building C:\repos\nus-cs2103\cs2103-website-base\schedule\week4\topics-py as some of its dependencies were changed since the last visit
2022-01-22T13:52:04.537Z - info: Site data built
2022-01-22T13:52:04.537Z - info: Lazy website regeneration complete! Total build time: 0.764s
2022-01-22T13:53:48.369Z - info: [9:53:48 pm] Reload for file change: C:\repos\nus-cs2103\cs2103-website-base\programming\lists-intro\e-countries.md
2022-01-22T13:53:48.370Z - info: Synchronizing opened pages list before reload
2022-01-22T13:53:48.370Z - info: Current opened pages, from most-to-least recent:
2022-01-22T13:53:48.370Z - info: 1. schedule/week4/topics-py
2022-01-22T13:53:49.395Z - info: Rebuilding 1 pages
2022-01-22T13:53:50.025Z - info: Site data built
2022-01-22T13:53:50.025Z - info: Pages rebuilt
2022-01-22T13:53:50.025Z - info: Website regeneration complete! Total build time: 0.633s
2022-01-22T13:54:22.901Z - info: [9:54:22 pm] Reload for file change: C:\repos\nus-cs2103\cs2103-website-base\programming\lists-intro\e-countries.md
2022-01-22T13:54:22.901Z - info: Synchronizing opened pages list before reload
2022-01-22T13:54:22.902Z - info: Current opened pages, from most-to-least recent:
2022-01-22T13:54:22.902Z - info: 1. schedule/week4/topics-py
2022-01-22T13:54:23.915Z - info: Rebuilding 1 pages
2022-01-22T13:54:24.445Z - info: Site data built
2022-01-22T13:54:24.445Z - info: Pages rebuilt
2022-01-22T13:54:24.445Z - info: Website regeneration complete! Total build time: 0.53s
2022-01-22T13:55:33.665Z - info: [9:55:33 pm] Reload for file change: C:\repos\nus-cs2103\cs2103-website-base\programming\lists-intro\e-countries.md
2022-01-22T13:55:33.666Z - info: Synchronizing opened pages list before reload
2022-01-22T13:55:33.666Z - info: Current opened pages, from most-to-least recent:
2022-01-22T13:55:33.667Z - info: 1. schedule/week4/topics-py
2022-01-22T13:55:34.672Z - info: Rebuilding 1 pages
2022-01-22T13:55:35.352Z - info: Site data built
2022-01-22T13:55:35.352Z - info: Pages rebuilt
2022-01-22T13:55:35.353Z - info: Website regeneration complete! Total build time: 0.684s
2022-01-22T13:56:03.890Z - info: [9:56:03 pm] Reload for file change: C:\repos\nus-cs2103\cs2103-website-base\programming\lists-intro\e-countries.md
2022-01-22T13:56:03.891Z - info: Synchronizing opened pages list before reload
2022-01-22T13:56:03.891Z - info: Current opened pages, from most-to-least recent:
2022-01-22T13:56:03.891Z - info: 1. schedule/week4/topics-py
2022-01-22T13:56:04.902Z - info: Rebuilding 1 pages
2022-01-22T13:56:05.592Z - info: Site data built
2022-01-22T13:56:05.592Z - info: Pages rebuilt
2022-01-22T13:56:05.592Z - info: Website regeneration complete! Total build time: 0.691s
2022-01-22T13:56:16.893Z - info: [9:56:16 pm] Reload for file change: C:\repos\nus-cs2103\cs2103-website-base\programming\lists-intro\e-countries.md
2022-01-22T13:56:16.894Z - info: Synchronizing opened pages list before reload
2022-01-22T13:56:16.894Z - info: Current opened pages, from most-to-least recent:
2022-01-22T13:56:16.894Z - info: 1. schedule/week4/topics-py
2022-01-22T13:56:17.901Z - info: Rebuilding 1 pages
2022-01-22T13:56:18.439Z - info: Site data built
2022-01-22T13:56:18.439Z - info: Pages rebuilt
2022-01-22T13:56:18.439Z - info: Website regeneration complete! Total build time: 0.54s
2022-01-22T13:57:43.016Z - info: [9:57:43 pm] Reload for file change: C:\repos\nus-cs2103\cs2103-website-base\programming\lists-intro\e-countries.md
2022-01-22T13:57:43.016Z - info: Synchronizing opened pages list before reload
2022-01-22T13:57:43.016Z - info: Current opened pages, from most-to-least recent:
2022-01-22T13:57:43.017Z - info: 1. schedule/week4/topics-py
2022-01-22T13:57:44.032Z - info: Rebuilding 1 pages
2022-01-22T13:57:44.644Z - info: Site data built
2022-01-22T13:57:44.644Z - info: Pages rebuilt
2022-01-22T13:57:44.644Z - info: Website regeneration complete! Total build time: 0.613s
2022-01-22T14:01:00.273Z - info: [10:01:00 pm] Reload for file change: C:\repos\nus-cs2103\cs2103-website-base\programming\lists-workingWith\text.md
2022-01-22T14:01:00.274Z - info: Synchronizing opened pages list before reload
2022-01-22T14:01:00.274Z - info: Current opened pages, from most-to-least recent:
2022-01-22T14:01:00.275Z - info: 1. schedule/week4/topics-py
2022-01-22T14:01:01.288Z - info: Rebuilding 1 pages
2022-01-22T14:01:01.927Z - info: Site data built
2022-01-22T14:01:01.927Z - info: Pages rebuilt
2022-01-22T14:01:01.927Z - info: Website regeneration complete! Total build time: 0.642s
2022-01-22T14:01:58.650Z - info: [10:01:58 pm] Reload for file change: C:\repos\nus-cs2103\cs2103-website-base\programming\lists-workingWith\e-printCardDeck.md
2022-01-22T14:01:58.651Z - info: Synchronizing opened pages list before reload
2022-01-22T14:01:58.651Z - info: Current opened pages, from most-to-least recent:
2022-01-22T14:01:58.651Z - info: 1. schedule/week4/topics-py
2022-01-22T14:01:59.667Z - info: Rebuilding 1 pages
2022-01-22T14:02:00.195Z - info: Site data built
2022-01-22T14:02:00.195Z - info: Pages rebuilt
2022-01-22T14:02:00.195Z - info: Website regeneration complete! Total build time: 0.529s
2022-01-22T14:02:30.590Z - info: Building C:\repos\nus-cs2103\cs2103-website-base\schedule\week5\topics-py as some of its dependencies were changed since the last visit
2022-01-22T14:02:31.379Z - info: Site data built
2022-01-22T14:02:31.380Z - info: Lazy website regeneration complete! Total build time: 0.79s
2022-01-22T14:03:07.984Z - info: [10:03:07 pm] Reload for file change: C:\repos\nus-cs2103\cs2103-website-base\programming\errors-exceptions-handling\text.md
2022-01-22T14:03:07.984Z - info: Synchronizing opened pages list before reload
2022-01-22T14:03:07.984Z - info: Current opened pages, from most-to-least recent:
2022-01-22T14:03:07.984Z - info: 1. schedule/week5/topics-py
2022-01-22T14:03:08.990Z - info: Rebuilding 1 pages
2022-01-22T14:03:09.524Z - info: Site data built
2022-01-22T14:03:09.524Z - info: Pages rebuilt
2022-01-22T14:03:09.524Z - info: Website regeneration complete! Total build time: 0.537s
2022-01-22T14:03:44.206Z - info: [10:03:44 pm] Reload for file change: C:\repos\nus-cs2103\cs2103-website-base\programming\errors-exceptions-handling\text.md
2022-01-22T14:03:44.206Z - info: Synchronizing opened pages list before reload
2022-01-22T14:03:44.207Z - info: Current opened pages, from most-to-least recent:
2022-01-22T14:03:44.207Z - info: 1. schedule/week5/topics-py
2022-01-22T14:03:45.233Z - info: Rebuilding 1 pages
2022-01-22T14:03:45.862Z - info: Site data built
2022-01-22T14:03:45.862Z - info: Pages rebuilt
2022-01-22T14:03:45.862Z - info: Website regeneration complete! Total build time: 0.629s
2022-01-22T14:04:37.766Z - info: [10:04:37 pm] Reload for file change: C:\repos\nus-cs2103\cs2103-website-base\programming\strings-literals\text.md
2022-01-22T14:04:37.766Z - info: Synchronizing opened pages list before reload
2022-01-22T14:04:37.766Z - info: Current opened pages, from most-to-least recent:
2022-01-22T14:04:37.766Z - info: 1. schedule/week5/topics-py
2022-01-22T14:04:38.772Z - info: Rebuilding 1 pages
2022-01-22T14:04:39.278Z - info: Site data built
2022-01-22T14:04:39.279Z - info: Pages rebuilt
2022-01-22T14:04:39.279Z - info: Website regeneration complete! Total build time: 0.51s
2022-01-22T14:05:00.927Z - info: Building C:\repos\nus-cs2103\cs2103-website-base\schedule\week6\topics-py as some of its dependencies were changed since the last visit
2022-01-22T14:05:01.563Z - info: Site data built
2022-01-22T14:05:01.565Z - info: Lazy website regeneration complete! Total build time: 0.638s
2022-01-22T14:05:32.425Z - info: Building C:\repos\nus-cs2103\cs2103-website-base\schedule\week7\topics-py as some of its dependencies were changed since the last visit
2022-01-22T14:05:33.072Z - info: Site data built
2022-01-22T14:05:33.072Z - info: Lazy website regeneration complete! Total build time: 0.647s
2022-01-22T14:06:20.256Z - info: [10:06:20 pm] Reload for file change: C:\repos\nus-cs2103\cs2103-website-base\programming\dictionaries-workingWith\text.md
2022-01-22T14:06:20.256Z - info: Synchronizing opened pages list before reload
2022-01-22T14:06:20.256Z - info: Current opened pages, from most-to-least recent:
2022-01-22T14:06:20.256Z - info: 1. schedule/week7/topics-py
2022-01-22T14:06:21.268Z - info: Rebuilding 1 pages
2022-01-22T14:06:21.692Z - info: Site data built
2022-01-22T14:06:21.692Z - info: Pages rebuilt
2022-01-22T14:06:21.693Z - info: Website regeneration complete! Total build time: 0.427s
2022-01-22T14:06:48.278Z - info: [10:06:48 pm] Reload for file change: C:\repos\nus-cs2103\cs2103-website-base\programming\dictionaries-workingWith\text.md
2022-01-22T14:06:48.278Z - info: Synchronizing opened pages list before reload
2022-01-22T14:06:48.278Z - info: Current opened pages, from most-to-least recent:
2022-01-22T14:06:48.278Z - info: 1. schedule/week7/topics-py
2022-01-22T14:06:49.294Z - info: Rebuilding 1 pages
2022-01-22T14:06:49.749Z - info: Site data built
2022-01-22T14:06:49.750Z - info: Pages rebuilt
2022-01-22T14:06:49.750Z - info: Website regeneration complete! Total build time: 0.457s
2022-01-22T14:07:15.431Z - info: Building C:\repos\nus-cs2103\cs2103-website-base\schedule\week8\topics-py as some of its dependencies were changed since the last visit
2022-01-22T14:07:15.789Z - info: Site data built
2022-01-22T14:07:15.790Z - info: Lazy website regeneration complete! Total build time: 0.358s
2022-01-22T14:07:49.031Z - info: [10:07:49 pm] Reload for file change: C:\repos\nus-cs2103\cs2103-website-base\programming\oop-classes\e-stockItemWithPrice.md
2022-01-22T14:07:49.031Z - info: Synchronizing opened pages list before reload
2022-01-22T14:07:49.031Z - info: Current opened pages, from most-to-least recent:
2022-01-22T14:07:49.031Z - info: 1. schedule/week8/topics-py
2022-01-22T14:07:50.036Z - info: Rebuilding 1 pages
2022-01-22T14:07:50.426Z - info: Site data built
2022-01-22T14:07:50.426Z - info: Pages rebuilt
2022-01-22T14:07:50.426Z - info: Website regeneration complete! Total build time: 0.391s
2022-01-22T14:09:23.962Z - info: [10:09:23 pm] Reload for file change: C:\repos\nus-cs2103\cs2103-website-base\programming\errors-exceptions-handling\text.md
2022-01-22T14:09:23.962Z - info: Synchronizing opened pages list before reload
2022-01-22T14:09:23.962Z - info: Current opened pages, from most-to-least recent:
2022-01-22T14:09:23.963Z - info: 1. schedule/week8/topics-py
2022-01-22T14:09:24.968Z - info: No pages needed to be rebuilt
2022-01-22T14:09:31.653Z - info: [10:09:31 pm] Reload for file change: C:\repos\nus-cs2103\cs2103-website-base\programming\lists-intro\e-countries.md
2022-01-22T14:09:31.653Z - info: Synchronizing opened pages list before reload
2022-01-22T14:09:31.653Z - info: Current opened pages, from most-to-least recent:
2022-01-22T14:09:31.653Z - info: 1. schedule/week8/topics-py
2022-01-22T14:09:32.658Z - info: No pages needed to be rebuilt
2022-01-22T14:09:36.906Z - info: [10:09:36 pm] Reload for file change: C:\repos\nus-cs2103\cs2103-website-base\programming\lists-workingWith\e-printCardDeck.md
2022-01-22T14:09:36.906Z - info: Synchronizing opened pages list before reload
2022-01-22T14:09:36.906Z - info: Current opened pages, from most-to-least recent:
2022-01-22T14:09:36.906Z - info: 1. schedule/week8/topics-py
2022-01-22T14:09:37.917Z - info: No pages needed to be rebuilt
2022-01-22T14:09:43.077Z - info: [10:09:43 pm] Reload for file change: C:\repos\nus-cs2103\cs2103-website-base\programming\lists-workingWith\text.md
2022-01-22T14:09:43.077Z - info: Synchronizing opened pages list before reload
2022-01-22T14:09:43.077Z - info: Current opened pages, from most-to-least recent:
2022-01-22T14:09:43.077Z - info: 1. schedule/week8/topics-py
2022-01-22T14:09:44.088Z - info: No pages needed to be rebuilt
2022-01-22T14:09:50.650Z - info: [10:09:50 pm] Reload for file change: C:\repos\nus-cs2103\cs2103-website-base\programming\strings-literals\text.md
2022-01-22T14:09:50.651Z - info: Synchronizing opened pages list before reload
2022-01-22T14:09:50.651Z - info: Current opened pages, from most-to-least recent:
2022-01-22T14:09:50.651Z - info: 1. schedule/week8/topics-py
2022-01-22T14:09:51.653Z - info: No pages needed to be rebuilt
2022-01-22T14:09:56.877Z - info: Building C:\repos\nus-cs2103\cs2103-website-base\schedule\week4\topics-py as some of its dependencies were changed since the last visit
2022-01-22T14:09:57.421Z - info: Site data built
2022-01-22T14:09:57.421Z - info: Lazy website regeneration complete! Total build time: 0.545s
2022-01-22T14:10:27.414Z - info: [10:10:27 pm] Reload for file change: C:\repos\nus-cs2103\cs2103-website-base\programming\lists-intro\e-countries.md
2022-01-22T14:10:27.414Z - info: Synchronizing opened pages list before reload
2022-01-22T14:10:27.414Z - info: Current opened pages, from most-to-least recent:
2022-01-22T14:10:27.414Z - info: 1. schedule/week4/topics-py
2022-01-22T14:10:28.421Z - info: Rebuilding 1 pages
2022-01-22T14:10:29.062Z - info: Site data built
2022-01-22T14:10:29.062Z - info: Pages rebuilt
2022-01-22T14:10:29.063Z - info: Website regeneration complete! Total build time: 0.643s
2022-01-22T14:11:04.229Z - info: [10:11:04 pm] Reload for file change: C:\repos\nus-cs2103\cs2103-website-base\programming\lists-workingWith\text.md
2022-01-22T14:11:04.229Z - info: Synchronizing opened pages list before reload
2022-01-22T14:11:04.229Z - info: Current opened pages, from most-to-least recent:
2022-01-22T14:11:04.229Z - info: 1. schedule/week4/topics-py
2022-01-22T14:11:05.232Z - info: Rebuilding 1 pages
2022-01-22T14:11:05.817Z - info: Site data built
2022-01-22T14:11:05.817Z - info: Pages rebuilt
2022-01-22T14:11:05.818Z - info: Website regeneration complete! Total build time: 0.588s
2022-01-22T14:11:41.715Z - info: [10:11:41 pm] Reload for file change: C:\repos\nus-cs2103\cs2103-website-base\programming\lists-workingWith\text.md
2022-01-22T14:11:41.715Z - info: Synchronizing opened pages list before reload
2022-01-22T14:11:41.715Z - info: Current opened pages, from most-to-least recent:
2022-01-22T14:11:41.716Z - info: 1. schedule/week4/topics-py
2022-01-22T14:11:42.734Z - info: Rebuilding 1 pages
2022-01-22T14:11:43.559Z - info: Site data built
2022-01-22T14:11:43.559Z - info: Pages rebuilt
2022-01-22T14:11:43.559Z - info: Website regeneration complete! Total build time: 0.825s
2022-01-22T14:12:19.220Z - info: [10:12:19 pm] Reload for file change: C:\repos\nus-cs2103\cs2103-website-base\programming\lists-workingWith\e-printCardDeck.md
2022-01-22T14:12:19.220Z - info: Synchronizing opened pages list before reload
2022-01-22T14:12:19.220Z - info: Current opened pages, from most-to-least recent:
2022-01-22T14:12:19.220Z - info: 1. schedule/week4/topics-py
2022-01-22T14:12:20.231Z - info: Rebuilding 1 pages
2022-01-22T14:12:20.810Z - info: Site data built
2022-01-22T14:12:20.810Z - info: Pages rebuilt
2022-01-22T14:12:20.811Z - info: Website regeneration complete! Total build time: 0.582s
2022-01-22T14:12:32.879Z - info: Building C:\repos\nus-cs2103\cs2103-website-base\schedule\week5\topics-py as some of its dependencies were changed since the last visit
2022-01-22T14:12:33.339Z - info: Site data built
2022-01-22T14:12:33.339Z - info: Lazy website regeneration complete! Total build time: 0.46s
2022-01-22T14:12:58.768Z - info: [10:12:58 pm] Reload for file change: C:\repos\nus-cs2103\cs2103-website-base\programming\errors-exceptions-handling\text.md
2022-01-22T14:12:58.768Z - info: Synchronizing opened pages list before reload
2022-01-22T14:12:58.768Z - info: Current opened pages, from most-to-least recent:
2022-01-22T14:12:58.768Z - info: 1. schedule/week5/topics-py
2022-01-22T14:12:59.771Z - info: Rebuilding 1 pages
2022-01-22T14:13:00.396Z - info: Site data built
2022-01-22T14:13:00.396Z - info: Pages rebuilt
2022-01-22T14:13:00.396Z - info: Website regeneration complete! Total build time: 0.626s
2022-01-22T14:13:22.911Z - info: [10:13:22 pm] Reload for file change: C:\repos\nus-cs2103\cs2103-website-base\programming\errors-exceptions-handling\text.md
2022-01-22T14:13:22.911Z - info: Synchronizing opened pages list before reload
2022-01-22T14:13:22.912Z - info: Current opened pages, from most-to-least recent:
2022-01-22T14:13:22.912Z - info: 1. schedule/week5/topics-py
2022-01-22T14:13:23.927Z - info: Rebuilding 1 pages
2022-01-22T14:13:24.457Z - info: Site data built
2022-01-22T14:13:24.457Z - info: Pages rebuilt
2022-01-22T14:13:24.457Z - info: Website regeneration complete! Total build time: 0.531s
2022-01-22T14:13:53.575Z - info: [10:13:53 pm] Reload for file change: C:\repos\nus-cs2103\cs2103-website-base\programming\strings-literals\text.md
2022-01-22T14:13:53.575Z - info: Synchronizing opened pages list before reload
2022-01-22T14:13:53.575Z - info: Current opened pages, from most-to-least recent:
2022-01-22T14:13:53.575Z - info: 1. schedule/week5/topics-py
2022-01-22T14:13:54.586Z - info: Rebuilding 1 pages
2022-01-22T14:13:55.307Z - info: Site data built
2022-01-22T14:13:55.307Z - info: Pages rebuilt
2022-01-22T14:13:55.307Z - info: Website regeneration complete! Total build time: 0.722s
2022-01-22T14:14:10.881Z - info: Building C:\repos\nus-cs2103\cs2103-website-base\schedule\week6\topics-py as some of its dependencies were changed since the last visit
2022-01-22T14:14:11.273Z - info: Site data built
2022-01-22T14:14:11.273Z - info: Lazy website regeneration complete! Total build time: 0.393s
2022-01-22T14:15:58.133Z - info: [10:15:58 pm] Reload for file change: C:\repos\nus-cs2103\cs2103-website-base\programming\files-csv\text.md
2022-01-22T14:15:58.134Z - info: Synchronizing opened pages list before reload
2022-01-22T14:15:58.134Z - info: Current opened pages, from most-to-least recent:
2022-01-22T14:15:58.134Z - info: 1. schedule/week6/topics-py
2022-01-22T14:15:59.152Z - info: Rebuilding 1 pages
2022-01-22T14:15:59.641Z - info: Site data built
2022-01-22T14:15:59.641Z - info: Pages rebuilt
2022-01-22T14:15:59.641Z - info: Website regeneration complete! Total build time: 0.491s
2022-01-22T14:16:18.834Z - info: [10:16:18 pm] Reload for file change: C:\repos\nus-cs2103\cs2103-website-base\programming\files-csv\text.md
2022-01-22T14:16:18.834Z - info: Synchronizing opened pages list before reload
2022-01-22T14:16:18.834Z - info: Current opened pages, from most-to-least recent:
2022-01-22T14:16:18.834Z - info: 1. schedule/week6/topics-py
2022-01-22T14:16:19.841Z - info: Rebuilding 1 pages
2022-01-22T14:16:20.221Z - info: Site data built
2022-01-22T14:16:20.221Z - info: Pages rebuilt
2022-01-22T14:16:20.221Z - info: Website regeneration complete! Total build time: 0.381s
2022-01-22T14:18:41.682Z - info: Website generation started at 10:18:39 pm
2022-01-22T14:18:46.443Z - info: Building assets...
2022-01-22T14:18:50.258Z - info: Assets built
2022-01-22T14:18:50.258Z - info: Generating pages...
2022-01-22T14:18:56.773Z - debug:  
2022-01-22T14:18:56.774Z - debug:  
2022-01-22T14:19:01.426Z - debug:  
2022-01-22T14:19:01.431Z - debug:  
2022-01-22T14:19:17.644Z - debug:  
2022-01-22T14:19:32.934Z - debug:  
2022-01-22T14:20:10.577Z - info: Pages built
2022-01-22T14:20:11.568Z - info: Site data built
2022-01-22T14:20:11.569Z - info: Website generation complete! Total build time: 91.629s
2022-01-22T14:20:11.569Z - info: Build success!
2022-01-22T14:22:02.087Z - info: The website has been deployed at: https://nus-tee3201.github.io/2022
