2022-02-27T17:11:23.007Z - info: Website generation started at 1:11:16 am
2022-02-27T17:11:29.300Z - info: Building assets...
2022-02-27T17:11:34.124Z - info: Assets built
2022-02-27T17:11:34.125Z - info: Generating pages...
2022-02-27T17:11:44.541Z - debug:  
2022-02-27T17:11:44.544Z - debug:  
2022-02-27T17:11:44.544Z - debug:  
2022-02-27T17:11:44.544Z - debug:  
2022-02-27T17:11:44.544Z - debug:  
2022-02-27T17:11:44.544Z - debug:  
2022-02-27T17:13:55.043Z - debug:  
2022-02-27T17:14:10.462Z - debug:  
2022-02-27T17:14:10.463Z - debug:  
2022-02-27T17:14:18.400Z - info: Pages built
2022-02-27T17:14:19.531Z - info: Site data built
2022-02-27T17:14:19.532Z - info: Website generation complete! Total build time: 183.335s
2022-02-27T17:14:19.532Z - info: Build success!
2022-02-27T17:16:50.473Z - info: The website has been deployed at: https://nus-cs2103-ay2122s2.github.io/website
2022-02-27T17:22:30.864Z - info: Website generation started at 1:22:25 am
2022-02-27T17:22:36.458Z - info: Building assets...
