2022-03-09T04:50:13.932Z - info: Website generation (lazy) started at 12:50:07 pm
2022-03-09T04:50:21.741Z - info: Building assets...
2022-03-09T04:50:28.682Z - info: Assets built
2022-03-09T04:50:28.683Z - info: Generating landing page...
2022-03-09T04:50:30.289Z - info: Landing page built, other pages will be built as you navigate to them!
2022-03-09T04:50:31.540Z - info: Site data built
2022-03-09T04:50:31.541Z - info: Website generation (lazy) complete! Total build time: 24.142s
2022-03-09T04:50:32.709Z - info: Serving "C:\repos\nus-cs2103\cs2103-website-base\_site" at http://127.0.0.1:8080
2022-03-09T04:50:32.709Z - info: Press CTRL+C to stop ...
2022-03-09T04:52:19.330Z - info: Building C:\repos\nus-cs2103\cs2103-website-base\schedule\week8\project as some of its dependencies were changed since the last visit
2022-03-09T04:52:21.506Z - info: Site data built
2022-03-09T04:52:21.507Z - info: Lazy website regeneration complete! Total build time: 2.177s
2022-03-09T04:52:54.279Z - info: Building C:\repos\nus-cs2103\cs2103-website-base\schedule\week9\project as some of its dependencies were changed since the last visit
2022-03-09T04:52:55.350Z - info: Site data built
2022-03-09T04:52:55.351Z - info: Lazy website regeneration complete! Total build time: 1.072s
2022-03-09T04:54:14.606Z - info: [12:54:14 pm] Reload for file change: C:\repos\nus-cs2103\cs2103-website-base\admin\tp-tasks.mbdf
2022-03-09T04:54:14.607Z - info: Synchronizing opened pages list before reload
2022-03-09T04:54:14.607Z - info: Current opened pages, from most-to-least recent:
2022-03-09T04:54:14.607Z - info: 1. schedule/week9/project
2022-03-09T04:54:15.614Z - info: Rebuilding 1 pages
2022-03-09T04:54:16.302Z - info: Site data built
2022-03-09T04:54:16.302Z - info: Pages rebuilt
2022-03-09T04:54:16.303Z - info: Website regeneration complete! Total build time: 0.689s
2022-03-09T04:54:44.520Z - info: [12:54:44 pm] Reload for file change: C:\repos\nus-cs2103\cs2103-website-base\admin\tp-tasks.mbdf
2022-03-09T04:54:44.521Z - info: Synchronizing opened pages list before reload
2022-03-09T04:54:44.521Z - info: Current opened pages, from most-to-least recent:
2022-03-09T04:54:44.522Z - info: 1. schedule/week9/project
2022-03-09T04:54:45.541Z - info: Rebuilding 1 pages
2022-03-09T04:54:46.723Z - info: Site data built
2022-03-09T04:54:46.724Z - info: Pages rebuilt
2022-03-09T04:54:46.724Z - info: Website regeneration complete! Total build time: 1.183s
2022-03-09T04:55:19.185Z - info: [12:55:19 pm] Reload for file change: C:\repos\nus-cs2103\cs2103-website-base\admin\tp-tasks.mbdf
2022-03-09T04:55:19.185Z - info: Synchronizing opened pages list before reload
2022-03-09T04:55:19.185Z - info: Current opened pages, from most-to-least recent:
2022-03-09T04:55:19.185Z - info: 1. schedule/week9/project
2022-03-09T04:55:20.192Z - info: Rebuilding 1 pages
2022-03-09T04:55:21.214Z - info: Site data built
2022-03-09T04:55:21.215Z - info: Pages rebuilt
2022-03-09T04:55:21.215Z - info: Website regeneration complete! Total build time: 1.024s
2022-03-09T04:57:42.373Z - info: [12:57:42 pm] Reload for file change: C:\repos\nus-cs2103\cs2103-website-base\admin\tp-tasks.mbdf
2022-03-09T04:57:42.373Z - info: Synchronizing opened pages list before reload
2022-03-09T04:57:42.374Z - info: Current opened pages, from most-to-least recent:
2022-03-09T04:57:42.374Z - info: 1. schedule/week9/project
2022-03-09T04:57:43.382Z - info: Rebuilding 1 pages
2022-03-09T04:57:44.671Z - info: Site data built
2022-03-09T04:57:44.671Z - info: Pages rebuilt
2022-03-09T04:57:44.672Z - info: Website regeneration complete! Total build time: 1.291s
2022-03-09T04:57:54.554Z - info: [12:57:54 pm] Reload for file change: C:\repos\nus-cs2103\cs2103-website-base\admin\tp-tasks.mbdf
2022-03-09T04:57:54.554Z - info: Synchronizing opened pages list before reload
2022-03-09T04:57:54.554Z - info: Current opened pages, from most-to-least recent:
2022-03-09T04:57:54.554Z - info: 1. schedule/week9/project
2022-03-09T04:57:55.569Z - info: Rebuilding 1 pages
2022-03-09T04:57:56.459Z - info: Site data built
2022-03-09T04:57:56.459Z - info: Pages rebuilt
2022-03-09T04:57:56.459Z - info: Website regeneration complete! Total build time: 0.891s
2022-03-09T04:58:21.955Z - info: [12:58:21 pm] Reload for file change: C:\repos\nus-cs2103\cs2103-website-base\admin\tp-tasks.mbdf
2022-03-09T04:58:21.955Z - info: Synchronizing opened pages list before reload
2022-03-09T04:58:21.955Z - info: Current opened pages, from most-to-least recent:
2022-03-09T04:58:21.956Z - info: 1. schedule/week9/project
2022-03-09T04:58:22.966Z - info: Rebuilding 1 pages
2022-03-09T04:58:24.193Z - info: Site data built
2022-03-09T04:58:24.193Z - info: Pages rebuilt
2022-03-09T04:58:24.193Z - info: Website regeneration complete! Total build time: 1.228s
2022-03-09T04:58:37.513Z - info: [12:58:37 pm] Reload for file change: C:\repos\nus-cs2103\cs2103-website-base\admin\tp-tasks.mbdf
2022-03-09T04:58:37.514Z - info: Synchronizing opened pages list before reload
2022-03-09T04:58:37.514Z - info: Current opened pages, from most-to-least recent:
2022-03-09T04:58:37.514Z - info: 1. schedule/week9/project
2022-03-09T04:58:38.527Z - info: Rebuilding 1 pages
2022-03-09T04:58:39.324Z - info: Site data built
2022-03-09T04:58:39.324Z - info: Pages rebuilt
2022-03-09T04:58:39.324Z - info: Website regeneration complete! Total build time: 0.798s
2022-03-09T04:59:09.432Z - info: Building C:\repos\nus-cs2103\cs2103-website-base\schedule\week8\project as some of its dependencies were changed since the last visit
2022-03-09T04:59:11.467Z - info: Site data built
2022-03-09T04:59:11.467Z - info: Lazy website regeneration complete! Total build time: 2.035s
2022-03-09T05:02:00.036Z - info: [1:02:00 pm] Reload for file change: C:\repos\nus-cs2103\cs2103-website-base\admin\appendixE-gitHub.md
2022-03-09T05:02:00.036Z - info: Synchronizing opened pages list before reload
2022-03-09T05:02:00.037Z - info: Current opened pages, from most-to-least recent:
2022-03-09T05:02:00.037Z - info: 1. schedule/week8/project
2022-03-09T05:02:01.055Z - info: Rebuilding 1 pages
2022-03-09T05:02:02.890Z - info: Site data built
2022-03-09T05:02:02.891Z - info: Pages rebuilt
2022-03-09T05:02:02.891Z - info: Website regeneration complete! Total build time: 1.838s
2022-03-09T05:03:08.572Z - info: [1:03:08 pm] Reload for file change: C:\repos\nus-cs2103\cs2103-website-base\admin\appendixE-gitHub.md
2022-03-09T05:03:08.573Z - info: Synchronizing opened pages list before reload
2022-03-09T05:03:08.573Z - info: Current opened pages, from most-to-least recent:
2022-03-09T05:03:08.573Z - info: 1. schedule/week8/project
2022-03-09T05:03:09.592Z - info: Rebuilding 1 pages
2022-03-09T05:03:11.479Z - info: Site data built
2022-03-09T05:03:11.479Z - info: Pages rebuilt
2022-03-09T05:03:11.480Z - info: Website regeneration complete! Total build time: 1.889s
2022-03-09T05:03:44.743Z - info: [1:03:44 pm] Reload for file change: C:\repos\nus-cs2103\cs2103-website-base\admin\ip-tasks.mbdf
2022-03-09T05:03:44.744Z - info: Synchronizing opened pages list before reload
2022-03-09T05:03:44.744Z - info: Current opened pages, from most-to-least recent:
2022-03-09T05:03:44.744Z - info: 1. schedule/week8/project
2022-03-09T05:03:45.759Z - info: Rebuilding 1 pages
2022-03-09T05:03:47.618Z - info: Site data built
2022-03-09T05:03:47.618Z - info: Pages rebuilt
2022-03-09T05:03:47.618Z - info: Website regeneration complete! Total build time: 1.861s
2022-03-09T05:04:14.645Z - info: Building C:\repos\nus-cs2103\cs2103-website-base\schedule\week9\index as some of its dependencies were changed since the last visit
2022-03-09T05:04:16.037Z - info: Site data built
2022-03-09T05:04:16.037Z - info: Lazy website regeneration complete! Total build time: 1.392s
2022-03-09T05:04:19.459Z - info: Building C:\repos\nus-cs2103\cs2103-website-base\schedule\week9\tutorial as some of its dependencies were changed since the last visit
2022-03-09T05:04:20.209Z - info: Site data built
2022-03-09T05:04:20.209Z - info: Lazy website regeneration complete! Total build time: 0.75s
2022-03-09T05:06:00.319Z - info: Website generation started at 1:05:57 pm
2022-03-09T05:06:07.865Z - info: Building assets...
2022-03-09T05:06:14.658Z - info: Assets built
2022-03-09T05:06:14.659Z - info: Generating pages...
2022-03-09T05:06:25.582Z - debug:  
2022-03-09T05:06:25.583Z - debug:  
2022-03-09T05:06:25.584Z - debug:  
2022-03-09T05:06:25.584Z - debug:  
2022-03-09T05:06:25.584Z - debug:  
2022-03-09T05:06:25.585Z - debug:  
2022-03-09T05:08:49.705Z - debug:  
2022-03-09T05:09:05.413Z - debug:  
2022-03-09T05:09:05.415Z - debug:  
2022-03-09T05:09:14.500Z - info: Pages built
2022-03-09T05:09:15.852Z - info: Site data built
2022-03-09T05:09:15.853Z - info: Website generation complete! Total build time: 198.239s
2022-03-09T05:09:15.853Z - info: Build success!
2022-03-09T05:12:11.455Z - info: The website has been deployed at: https://nus-cs2103-ay2122s2.github.io/website
2022-03-09T05:12:35.279Z - info: Website generation (lazy) started at 1:12:30 pm
2022-03-09T05:12:41.216Z - info: Building assets...
2022-03-09T05:12:46.681Z - info: Assets built
2022-03-09T05:12:46.682Z - info: Generating landing page...
2022-03-09T05:12:47.828Z - info: Landing page built, other pages will be built as you navigate to them!
2022-03-09T05:12:48.921Z - info: Site data built
2022-03-09T05:12:48.921Z - info: Website generation (lazy) complete! Total build time: 18.583s
2022-03-09T05:12:50.043Z - info: Serving "C:\repos\nus-cs2103\cs2103-website-base\_site" at http://127.0.0.1:8080
2022-03-09T05:12:50.043Z - info: Press CTRL+C to stop ...
2022-03-09T05:12:57.797Z - info: Building C:\repos\nus-cs2103\cs2103-website-base\schedule\week8\project as some of its dependencies were changed since the last visit
2022-03-09T05:13:01.310Z - info: Site data built
2022-03-09T05:13:01.311Z - info: Lazy website regeneration complete! Total build time: 3.513s
2022-03-09T05:13:35.489Z - info: [1:13:35 pm] Reload for file change: C:\repos\nus-cs2103\cs2103-website-base\admin\ip-tasks.mbdf
2022-03-09T05:13:35.491Z - info: Synchronizing opened pages list before reload
2022-03-09T05:13:35.492Z - info: Current opened pages, from most-to-least recent:
2022-03-09T05:13:35.492Z - info: 1. schedule/week8/project
2022-03-09T05:13:36.514Z - info: Rebuilding 1 pages
2022-03-09T05:13:39.511Z - info: Site data built
2022-03-09T05:13:39.512Z - info: Pages rebuilt
2022-03-09T05:13:39.513Z - info: Website regeneration complete! Total build time: 3s
2022-03-09T05:14:16.289Z - info: [1:14:16 pm] Reload for file change: C:\repos\nus-cs2103\cs2103-website-base\admin\ip-tasks.mbdf
2022-03-09T05:14:16.291Z - info: Synchronizing opened pages list before reload
2022-03-09T05:14:16.292Z - info: Current opened pages, from most-to-least recent:
2022-03-09T05:14:16.293Z - info: 1. schedule/week8/project
2022-03-09T05:14:17.322Z - info: Rebuilding 1 pages
2022-03-09T05:14:22.970Z - info: Site data built
2022-03-09T05:14:22.971Z - info: Pages rebuilt
2022-03-09T05:14:22.971Z - info: Website regeneration complete! Total build time: 5.651s
2022-03-09T05:15:39.725Z - info: Website generation started at 1:15:32 pm
2022-03-09T05:15:57.866Z - info: Building assets...
2022-03-09T05:16:10.233Z - info: Assets built
2022-03-09T05:16:10.236Z - info: Generating pages...
2022-03-09T05:16:33.289Z - debug:  
2022-03-09T05:16:33.291Z - debug:  
2022-03-09T05:16:33.293Z - debug:  
2022-03-09T05:16:33.304Z - debug:  
2022-03-09T05:16:33.307Z - debug:  
2022-03-09T05:16:37.853Z - debug:  
2022-03-09T05:21:13.965Z - debug:  
2022-03-09T05:21:44.662Z - debug:  
2022-03-09T05:21:44.663Z - debug:  
2022-03-09T05:22:05.869Z - info: Pages built
2022-03-09T05:22:10.004Z - info: Site data built
2022-03-09T05:22:10.005Z - info: Website generation complete! Total build time: 397.939s
2022-03-09T05:22:10.006Z - info: Build success!
2022-03-09T05:31:47.640Z - info: The website has been deployed at: https://nus-cs2103-ay2122s2.github.io/website
2022-03-09T05:38:39.147Z - info: Website generation (lazy) started at 1:38:22 pm
2022-03-09T05:38:57.199Z - info: Building assets...
2022-03-09T05:39:10.064Z - info: Assets built
2022-03-09T05:39:10.067Z - info: Generating landing page...
2022-03-09T05:39:14.109Z - info: Landing page built, other pages will be built as you navigate to them!
2022-03-09T05:39:16.136Z - info: Site data built
2022-03-09T05:39:16.137Z - info: Website generation (lazy) complete! Total build time: 53.84s
2022-03-09T05:39:17.490Z - info: Serving "C:\repos\nus-cs2103\cs2103-website-base\_site" at http://127.0.0.1:8080
2022-03-09T05:39:17.491Z - info: Press CTRL+C to stop ...
2022-03-09T05:39:33.682Z - info: Building C:\repos\nus-cs2103\cs2103-website-base\schedule\week8\project as some of its dependencies were changed since the last visit
2022-03-09T05:39:42.235Z - info: Site data built
2022-03-09T05:39:42.236Z - info: Lazy website regeneration complete! Total build time: 8.555s
2022-03-09T05:43:10.689Z - info: [1:43:10 pm] Reload for file change: C:\repos\nus-cs2103\cs2103-website-base\admin\tp-tasks.mbdf
2022-03-09T05:43:10.690Z - info: Synchronizing opened pages list before reload
2022-03-09T05:43:10.691Z - info: Current opened pages, from most-to-least recent:
2022-03-09T05:43:10.692Z - info: 1. schedule/week8/project
2022-03-09T05:43:11.711Z - info: Rebuilding 1 pages
2022-03-09T05:43:14.094Z - info: Site data built
2022-03-09T05:43:14.095Z - info: Pages rebuilt
2022-03-09T05:43:14.095Z - info: Website regeneration complete! Total build time: 2.386s
2022-03-09T05:43:38.608Z - info: [1:43:38 pm] Reload for file change: C:\repos\nus-cs2103\cs2103-website-base\admin\tp-tasks.mbdf
2022-03-09T05:43:38.609Z - info: Synchronizing opened pages list before reload
2022-03-09T05:43:38.610Z - info: Current opened pages, from most-to-least recent:
2022-03-09T05:43:38.610Z - info: 1. schedule/week8/project
2022-03-09T05:43:39.628Z - info: Rebuilding 1 pages
2022-03-09T05:43:42.107Z - info: Site data built
2022-03-09T05:43:42.107Z - info: Pages rebuilt
2022-03-09T05:43:42.108Z - info: Website regeneration complete! Total build time: 2.483s
2022-03-09T05:45:56.621Z - info: Website generation started at 1:45:48 pm
2022-03-09T05:46:14.726Z - info: Building assets...
2022-03-09T05:46:31.339Z - info: Assets built
2022-03-09T05:46:31.341Z - info: Generating pages...
2022-03-09T05:47:01.741Z - debug:  
2022-03-09T05:47:01.759Z - debug:  
2022-03-09T05:47:01.762Z - debug:  
2022-03-09T05:47:01.766Z - debug:  
2022-03-09T05:47:06.935Z - debug:  
2022-03-09T05:47:07.015Z - debug:  
2022-03-09T05:52:21.408Z - debug:  
2022-03-09T05:52:52.820Z - debug:  
2022-03-09T05:52:52.821Z - debug:  
2022-03-09T05:53:11.783Z - info: Pages built
2022-03-09T05:53:15.189Z - info: Site data built
2022-03-09T05:53:15.190Z - info: Website generation complete! Total build time: 446.401s
2022-03-09T05:53:15.190Z - info: Build success!
2022-03-09T05:58:06.646Z - info: The website has been deployed at: https://nus-cs2103-ay2122s2.github.io/website
2022-03-09T06:29:27.734Z - info: Website generation (lazy) started at 2:29:21 pm
2022-03-09T06:29:33.779Z - info: Building assets...
2022-03-09T06:29:38.625Z - info: Assets built
2022-03-09T06:29:38.626Z - info: Generating landing page...
2022-03-09T06:29:40.051Z - info: Landing page built, other pages will be built as you navigate to them!
2022-03-09T06:29:41.394Z - info: Site data built
2022-03-09T06:29:41.395Z - info: Website generation (lazy) complete! Total build time: 20.017s
2022-03-09T06:29:42.556Z - info: Serving "C:\repos\nus-cs2103\cs2103-website-base\_site" at http://127.0.0.1:8080
2022-03-09T06:29:42.556Z - info: Press CTRL+C to stop ...
2022-03-09T12:05:43.965Z - info: Website generation started at 8:05:42 pm
2022-03-09T12:05:48.091Z - info: Building assets...
