2022-01-26T07:40:10.661Z - info: Website generation started at 3:40:07 pm
2022-01-26T07:40:19.636Z - info: Building assets...
2022-01-26T07:40:28.459Z - info: Assets built
2022-01-26T07:40:28.460Z - info: Generating pages...
2022-01-26T07:40:43.941Z - debug:  
2022-01-26T07:40:43.949Z - debug:  
2022-01-26T07:40:47.507Z - debug:  
2022-01-26T07:40:47.507Z - debug:  
2022-01-26T07:40:47.508Z - debug:  
2022-01-26T07:40:47.508Z - debug:  
2022-01-26T07:43:28.075Z - debug:  
2022-01-26T07:43:46.097Z - debug:  
2022-01-26T07:43:46.098Z - debug:  
2022-01-26T07:43:52.359Z - info: Pages built
2022-01-26T07:43:54.080Z - info: Site data built
2022-01-26T07:43:54.080Z - info: Website generation complete! Total build time: 226.917s
2022-01-26T07:43:54.080Z - info: Build success!
2022-01-26T07:47:01.638Z - info: The website has been deployed at: https://nus-cs2103-ay2122s2.github.io/website
2022-01-26T12:07:47.174Z - info: Website generation started at 8:07:40 pm
2022-01-26T12:07:53.858Z - info: Building assets...
